<?xml version="1.0" encoding="UTF-8"?>
<!-- Generated by org.testng.reporters.JUnitReportReporter -->
<testsuite hostname="BO" failures="0" tests="2" name="com.exelenter.class02._02AssertDemo" time="10.667" errors="0" timestamp="2023-02-11T15:44:48 EST" skipped="0">
  <testcase classname="com.exelenter.class02._02AssertDemo" name="negativeLoginTest" time="4.730"/>
  <system-out/>
  <testcase classname="com.exelenter.class02._02AssertDemo" name="positiveLoginTest" time="5.937"/>
  <system-out/>
</testsuite> <!-- com.exelenter.class02._02AssertDemo -->
