<?xml version="1.0" encoding="UTF-8"?>
<!-- Generated by org.testng.reporters.JUnitReportReporter -->
<testsuite hostname="BO" failures="0" tests="1" name="com.exelenter.class02._01LoginValidationTest" time="1.020" errors="0" timestamp="2023-02-09T18:20:50 EST" skipped="0">
  <testcase classname="com.exelenter.class02._01LoginValidationTest" name="validLoginTest" time="1.020"/>
  <system-out/>
</testsuite> <!-- com.exelenter.class02._01LoginValidationTest -->
