<?xml version="1.0" encoding="UTF-8"?>
<!-- Generated by org.testng.reporters.JUnitReportReporter -->
<testsuite hostname="BO" failures="0" tests="1" name="tests.AddEmployeeTest" time="7.086" errors="0" timestamp="2023-02-09T22:06:11 EST" skipped="0">
  <testcase classname="tests.AddEmployeeTest" name="addEmployeeTest" time="7.086"/>
  <system-out/>
</testsuite> <!-- tests.AddEmployeeTest -->
