<?xml version="1.0" encoding="UTF-8"?>
<!-- Generated by org.testng.reporters.JUnitReportReporter -->
<testsuite hostname="BO" failures="0" tests="1" name="tests.AddEmployeeTest" time="8.986" errors="0" timestamp="2023-02-09T19:47:28 EST" skipped="0">
  <testcase classname="tests.AddEmployeeTest" name="addEmployeeTest" time="8.986"/>
  <system-out/>
</testsuite> <!-- tests.AddEmployeeTest -->
