<?xml version="1.0" encoding="UTF-8"?>
<!-- Generated by org.testng.reporters.JUnitReportReporter -->
<testsuite hostname="BO" failures="0" tests="3" name="com.exelenter.class04._05DataProvider" time="21.077" errors="0" timestamp="2023-02-13T22:09:38 EST" skipped="0">
  <testcase classname="com.exelenter.class04._05DataProvider" name="addEmployees" time="7.158"/>
  <system-out/>
  <testcase classname="com.exelenter.class04._05DataProvider" name="addEmployees" time="7.387"/>
  <system-out/>
  <testcase classname="com.exelenter.class04._05DataProvider" name="addEmployees" time="6.532"/>
  <system-out/>
</testsuite> <!-- com.exelenter.class04._05DataProvider -->
