<?xml version="1.0" encoding="UTF-8"?>
<!-- Generated by org.testng.reporters.JUnitReportReporter -->
<testsuite hostname="BO" failures="0" tests="10" name="com.exelenter.class04._06HW" time="87.004" errors="0" timestamp="2023-02-15T18:49:09 EST" skipped="0">
  <testcase classname="com.exelenter.class04._06HW" name="addEmployees" time="9.261"/>
  <system-out/>
  <testcase classname="com.exelenter.class04._06HW" name="addEmployees" time="9.007"/>
  <system-out/>
  <testcase classname="com.exelenter.class04._06HW" name="deleteUsers" time="8.161"/>
  <system-out/>
  <testcase classname="com.exelenter.class04._06HW" name="addEmployees" time="11.408"/>
  <system-out/>
  <testcase classname="com.exelenter.class04._06HW" name="addEmployees" time="9.012"/>
  <system-out/>
  <testcase classname="com.exelenter.class04._06HW" name="deleteUsers" time="7.401"/>
  <system-out/>
  <testcase classname="com.exelenter.class04._06HW" name="deleteUsers" time="8.423"/>
  <system-out/>
  <testcase classname="com.exelenter.class04._06HW" name="deleteUsers" time="8.301"/>
  <system-out/>
  <testcase classname="com.exelenter.class04._06HW" name="addEmployees" time="8.566"/>
  <system-out/>
  <testcase classname="com.exelenter.class04._06HW" name="deleteUsers" time="7.464"/>
  <system-out/>
</testsuite> <!-- com.exelenter.class04._06HW -->
