<?xml version="1.0" encoding="UTF-8"?>
<!-- Generated by org.testng.reporters.JUnitReportReporter -->
<testsuite hostname="BO" failures="0" tests="3" name="tests.LoginTest" time="12.890" errors="0" timestamp="2023-02-13T05:33:59 EST" skipped="0">
  <testcase classname="tests.LoginTest" name="validUserEmptyPassword" time="3.668"/>
  <system-out/>
  <testcase classname="tests.LoginTest" name="validAdminLogin" time="5.140"/>
  <system-out/>
  <testcase classname="tests.LoginTest" name="validUserInvalidPassword" time="4.082"/>
  <system-out/>
</testsuite> <!-- tests.LoginTest -->
