<?xml version="1.0" encoding="UTF-8"?>
<!-- Generated by org.testng.reporters.JUnitReportReporter -->
<testsuite hostname="BO" failures="0" tests="1" name="tests.LoginTest" time="5.602" errors="0" timestamp="2023-02-09T21:55:31 EST" skipped="0">
  <testcase classname="tests.LoginTest" name="validAdminLogin" time="5.602"/>
  <system-out/>
</testsuite> <!-- tests.LoginTest -->
