<?xml version="1.0" encoding="UTF-8"?>
<!-- Generated by org.testng.reporters.JUnitReportReporter -->
<testsuite hostname="BO" failures="0" tests="10" name="com.exelenter.class04._06HW" time="83.225" errors="0" timestamp="2023-02-15T21:52:15 EST" skipped="0">
  <testcase classname="com.exelenter.class04._06HW" name="addEmployees" time="8.536"/>
  <system-out/>
  <testcase classname="com.exelenter.class04._06HW" name="addEmployees" time="9.387"/>
  <system-out/>
  <testcase classname="com.exelenter.class04._06HW" name="addEmployees" time="9.002"/>
  <system-out/>
  <testcase classname="com.exelenter.class04._06HW" name="deleteUsers" time="7.415"/>
  <system-out/>
  <testcase classname="com.exelenter.class04._06HW" name="addEmployees" time="9.091"/>
  <system-out/>
  <testcase classname="com.exelenter.class04._06HW" name="deleteUsers" time="7.984"/>
  <system-out/>
  <testcase classname="com.exelenter.class04._06HW" name="addEmployees" time="8.484"/>
  <system-out/>
  <testcase classname="com.exelenter.class04._06HW" name="deleteUsers" time="7.538"/>
  <system-out/>
  <testcase classname="com.exelenter.class04._06HW" name="deleteUsers" time="8.095"/>
  <system-out/>
  <testcase classname="com.exelenter.class04._06HW" name="deleteUsers" time="7.693"/>
  <system-out/>
</testsuite> <!-- com.exelenter.class04._06HW -->
