<?xml version="1.0" encoding="UTF-8"?>
<!-- Generated by org.testng.reporters.JUnitReportReporter -->
<testsuite hostname="BO" failures="0" tests="1" name="javaTask.Palindrome" time="0.003" errors="0" timestamp="2023-03-02T02:37:00 EST" skipped="0">
  <testcase classname="javaTask.Palindrome" name="isPalindrome2" time="0.003"/>
  <system-out/>
</testsuite> <!-- javaTask.Palindrome -->
