<?xml version="1.0" encoding="UTF-8"?>
<!-- Generated by org.testng.reporters.JUnitReportReporter -->
<testsuite hostname="BO" failures="0" tests="1" name="javaTask.Palindrome" time="0.005" errors="0" timestamp="2023-02-20T20:01:11 EST" skipped="0">
  <testcase classname="javaTask.Palindrome" name="isNumberPalindrome" time="0.005"/>
  <system-out/>
</testsuite> <!-- javaTask.Palindrome -->
