<?xml version="1.0" encoding="UTF-8"?>
<!-- Generated by org.testng.reporters.JUnitReportReporter -->
<testsuite hostname="BO" failures="0" tests="5" name="com.exelenter.class04._07HW" time="37.912" errors="0" timestamp="2023-02-15T21:50:41 EST" skipped="0">
  <testcase classname="com.exelenter.class04._07HW" name="deleteUsers" time="6.881"/>
  <system-out/>
  <testcase classname="com.exelenter.class04._07HW" name="deleteUsers" time="7.521"/>
  <system-out/>
  <testcase classname="com.exelenter.class04._07HW" name="deleteUsers" time="7.130"/>
  <system-out/>
  <testcase classname="com.exelenter.class04._07HW" name="deleteUsers" time="8.663"/>
  <system-out/>
  <testcase classname="com.exelenter.class04._07HW" name="deleteUsers" time="7.717"/>
  <system-out/>
</testsuite> <!-- com.exelenter.class04._07HW -->
