<?xml version="1.0" encoding="UTF-8"?>
<!-- Generated by org.testng.reporters.JUnitReportReporter -->
<testsuite hostname="BO" failures="0" tests="1" name="com.exelenter.class03._01SoftAssert" time="0.007" errors="0" timestamp="2023-02-08T13:49:56 EST" skipped="0">
  <testcase classname="com.exelenter.class03._01SoftAssert" name="testCase" time="0.007"/>
  <system-out/>
</testsuite> <!-- com.exelenter.class03._01SoftAssert -->
