<?xml version="1.0" encoding="UTF-8"?>
<!-- Generated by org.testng.reporters.JUnitReportReporter -->
<testsuite hostname="BO" failures="0" tests="3" name="com.exelenter.class01._03TestNg" time="0.003" errors="0" timestamp="2023-02-08T13:38:09 EST" skipped="1">
  <testcase classname="com.exelenter.class01._03TestNg" name="test02" time="0.001"/>
  <system-out/>
  <testcase classname="com.exelenter.class01._03TestNg" name="test03" time="0.002"/>
  <system-out/>
  <testcase classname="com.exelenter.class01._03TestNg" name="test01">
    <skipped/>
  </testcase> <!-- test01 -->
  <system-out/>
</testsuite> <!-- com.exelenter.class01._03TestNg -->
