<?xml version="1.0" encoding="UTF-8"?>
<!-- Generated by org.testng.reporters.JUnitReportReporter -->
<testsuite hostname="BO" failures="0" tests="1" name="com.exelenter.class04._07HW" time="4.149" errors="0" timestamp="2023-02-15T17:49:23 EST" skipped="0">
  <testcase classname="com.exelenter.class04._07HW" name="addEmployees" time="4.149"/>
  <system-out/>
</testsuite> <!-- com.exelenter.class04._07HW -->
