<?xml version="1.0" encoding="UTF-8"?>
<!-- Generated by org.testng.reporters.JUnitReportReporter -->
<testsuite hostname="BO" failures="0" tests="1" name="tests.LoginTest" time="4.334" errors="0" timestamp="2023-02-08T14:42:39 EST" skipped="0">
  <testcase classname="tests.LoginTest" name="validUserEmptyPassword" time="4.334"/>
  <system-out/>
</testsuite> <!-- tests.LoginTest -->
