<?xml version="1.0" encoding="UTF-8"?>
<!-- Generated by org.testng.reporters.JUnitReportReporter -->
<testsuite hostname="BO" failures="0" tests="3" name="com.exelenter.class02._01LoginValidationTest" time="2.864" errors="0" timestamp="2023-02-11T15:44:48 EST" skipped="0">
  <testcase classname="com.exelenter.class02._01LoginValidationTest" name="titleValidation" time="0.005"/>
  <system-out/>
  <testcase classname="com.exelenter.class02._01LoginValidationTest" name="logoValidation" time="0.026"/>
  <system-out/>
  <testcase classname="com.exelenter.class02._01LoginValidationTest" name="validLoginTest" time="2.833"/>
  <system-out/>
</testsuite> <!-- com.exelenter.class02._01LoginValidationTest -->
