<?xml version="1.0" encoding="UTF-8"?>
<!-- Generated by org.testng.reporters.JUnitReportReporter -->
<testsuite hostname="BO" failures="0" tests="3" name="com.exelenter.class04._04DataProvider" time="16.697" errors="0" timestamp="2023-02-13T20:55:40 EST" skipped="0">
  <testcase classname="com.exelenter.class04._04DataProvider" name="loginTest" time="5.850"/>
  <system-out/>
  <testcase classname="com.exelenter.class04._04DataProvider" name="loginTest" time="4.626"/>
  <system-out/>
  <testcase classname="com.exelenter.class04._04DataProvider" name="loginTest" time="6.221"/>
  <system-out/>
</testsuite> <!-- com.exelenter.class04._04DataProvider -->
