<?xml version="1.0" encoding="UTF-8"?>
<!-- Generated by org.testng.reporters.JUnitReportReporter -->
<testsuite hostname="BO" failures="0" tests="1" name="com.exelenter.class04._06HW" time="16.008" errors="0" timestamp="2023-02-14T22:32:55 EST" skipped="0">
  <testcase classname="com.exelenter.class04._06HW" name="addEmployees" time="16.008"/>
  <system-out/>
</testsuite> <!-- com.exelenter.class04._06HW -->
