<?xml version="1.0" encoding="UTF-8"?>
<!-- Generated by org.testng.reporters.JUnitReportReporter -->
<testsuite hostname="BO" failures="0" tests="3" name="com.exelenter.class04._02DataProvider" time="0.005" errors="0" timestamp="2023-02-15T17:31:33 EST" skipped="0">
  <testcase classname="com.exelenter.class04._02DataProvider" name="printData" time="0.000"/>
  <system-out/>
  <testcase classname="com.exelenter.class04._02DataProvider" name="printData" time="0.005"/>
  <system-out/>
  <testcase classname="com.exelenter.class04._02DataProvider" name="printData" time="0.000"/>
  <system-out/>
</testsuite> <!-- com.exelenter.class04._02DataProvider -->
