<?xml version="1.0" encoding="UTF-8"?>
<!-- Generated by org.testng.reporters.JUnitReportReporter -->
<testsuite hostname="BO" failures="0" tests="2" name="com.exelenter.class04._01GroupDemo" time="0.004" errors="0" timestamp="2023-02-13T05:22:52 EST" skipped="0">
  <testcase classname="com.exelenter.class04._01GroupDemo" name="test4" time="0.001"/>
  <system-out/>
  <testcase classname="com.exelenter.class04._01GroupDemo" name="test2" time="0.003"/>
  <system-out/>
</testsuite> <!-- com.exelenter.class04._01GroupDemo -->
