<?xml version="1.0" encoding="UTF-8"?>
<!-- Generated by org.testng.reporters.JUnitReportReporter -->
<testsuite hostname="BO" failures="0" tests="4" name="com.exelenter.class04._06HW2" time="32.476" errors="0" timestamp="2023-02-20T19:35:48 EST" skipped="0">
  <testcase classname="com.exelenter.class04._06HW2" name="deleteUsers" time="8.926"/>
  <system-out/>
  <testcase classname="com.exelenter.class04._06HW2" name="deleteUsers" time="7.916"/>
  <system-out/>
  <testcase classname="com.exelenter.class04._06HW2" name="deleteUsers" time="7.622"/>
  <system-out/>
  <testcase classname="com.exelenter.class04._06HW2" name="deleteUsers" time="8.012"/>
  <system-out/>
</testsuite> <!-- com.exelenter.class04._06HW2 -->
